nohup: ignoring input
[15/Jun/2023 17:36:24] "POST /api/resource HTTP/1.1" 200 109
[15/Jun/2023 17:36:24] "POST /api/resource HTTP/1.1" 200 109
[15/Jun/2023 17:36:24] "POST /api/resource HTTP/1.1" 200 109
[15/Jun/2023 17:36:24] "POST /api/resource HTTP/1.1" 200 109
[15/Jun/2023 17:36:24] "POST /api/resource HTTP/1.1" 200 118
[15/Jun/2023 17:36:24] "POST /api/resource HTTP/1.1" 200 118
[15/Jun/2023 17:36:24] "POST /api/resource HTTP/1.1" 200 118
[15/Jun/2023 17:36:24] "POST /api/resource HTTP/1.1" 200 109
[15/Jun/2023 17:36:24] "POST /api/resource HTTP/1.1" 200 109
[15/Jun/2023 17:36:24] "POST /api/resource HTTP/1.1" 200 109
[15/Jun/2023 17:36:24] "POST /api/resource HTTP/1.1" 200 118
[15/Jun/2023 17:36:24] "POST /api/resource HTTP/1.1" 200 109
[15/Jun/2023 17:36:24] "POST /api/resource HTTP/1.1" 200 109
[15/Jun/2023 17:36:24] "POST /api/resource HTTP/1.1" 200 109
[15/Jun/2023 17:36:24] "POST /api/resource HTTP/1.1" 200 109
[15/Jun/2023 17:36:24] "POST /api/resource HTTP/1.1" 200 109
[15/Jun/2023 17:36:24] "POST /api/resource HTTP/1.1" 200 109
[15/Jun/2023 17:36:24] "POST /api/resource HTTP/1.1" 200 109
[15/Jun/2023 17:36:24] "POST /api/resource HTTP/1.1" 200 118
[15/Jun/2023 17:36:24] "POST /api/resource HTTP/1.1" 200 118
[15/Jun/2023 17:36:24] "POST /api/resource HTTP/1.1" 200 118
[15/Jun/2023 17:36:24] "POST /api/resource HTTP/1.1" 200 118
[15/Jun/2023 17:36:24] "POST /api/resource HTTP/1.1" 200 118
[15/Jun/2023 17:36:24] "POST /api/resource HTTP/1.1" 200 109
[15/Jun/2023 17:36:24] "POST /api/resource HTTP/1.1" 200 109
[15/Jun/2023 17:36:24] "POST /api/resource HTTP/1.1" 200 109
[15/Jun/2023 17:36:24] "POST /api/resource HTTP/1.1" 200 109
[15/Jun/2023 17:36:24] "POST /api/resource HTTP/1.1" 200 109
[15/Jun/2023 17:36:24] "POST /api/resource HTTP/1.1" 200 109
[15/Jun/2023 17:36:24] "POST /api/resource HTTP/1.1" 200 118
[15/Jun/2023 17:36:24] "POST /api/resource HTTP/1.1" 200 109
[15/Jun/2023 17:36:24] "POST /api/resource HTTP/1.1" 200 109
[15/Jun/2023 17:36:24] "POST /api/resource HTTP/1.1" 200 109
[15/Jun/2023 17:36:24] "POST /api/resource HTTP/1.1" 200 109
[15/Jun/2023 17:36:24] "POST /api/resource HTTP/1.1" 200 109
[15/Jun/2023 17:36:24] "POST /api/resource HTTP/1.1" 200 109
[15/Jun/2023 17:36:24] "POST /api/resource HTTP/1.1" 200 109
[15/Jun/2023 17:36:25] "POST /api/resource HTTP/1.1" 200 109
[15/Jun/2023 17:36:25] "POST /api/resource HTTP/1.1" 200 109
[15/Jun/2023 17:36:25] "POST /api/resource HTTP/1.1" 200 109
[15/Jun/2023 17:36:25] "POST /api/resource HTTP/1.1" 200 109
[15/Jun/2023 17:36:25] "POST /api/resource HTTP/1.1" 200 109
[15/Jun/2023 17:36:25] "POST /api/resource HTTP/1.1" 200 118
[15/Jun/2023 17:36:25] "POST /api/resource HTTP/1.1" 200 118
[15/Jun/2023 17:36:25] "POST /api/resource HTTP/1.1" 200 118
[15/Jun/2023 17:36:25] "POST /api/resource HTTP/1.1" 200 118
[15/Jun/2023 17:36:25] "POST /api/resource HTTP/1.1" 200 118
[15/Jun/2023 17:36:25] "POST /api/resource HTTP/1.1" 200 109
[15/Jun/2023 17:36:25] "POST /api/resource HTTP/1.1" 200 118
[15/Jun/2023 17:36:25] "POST /api/resource HTTP/1.1" 200 109
[15/Jun/2023 17:36:25] "POST /api/resource HTTP/1.1" 200 109
[15/Jun/2023 17:36:25] "POST /api/resource HTTP/1.1" 200 109
[15/Jun/2023 17:36:25] "POST /api/resource HTTP/1.1" 200 109
[15/Jun/2023 17:36:25] "POST /api/resource HTTP/1.1" 200 109
[15/Jun/2023 17:36:25] "POST /api/resource HTTP/1.1" 200 109
[15/Jun/2023 17:36:25] "POST /api/resource HTTP/1.1" 200 109
[15/Jun/2023 17:36:25] "POST /api/resource HTTP/1.1" 200 109
[15/Jun/2023 17:36:25] "POST /api/resource HTTP/1.1" 200 109
[15/Jun/2023 17:36:25] "POST /api/resource HTTP/1.1" 200 109
[15/Jun/2023 17:36:25] "POST /api/resource HTTP/1.1" 200 109
[15/Jun/2023 17:36:25] "POST /api/resource HTTP/1.1" 200 109
[15/Jun/2023 17:36:25] "POST /api/resource HTTP/1.1" 200 109
[15/Jun/2023 17:36:25] "POST /api/resource HTTP/1.1" 200 118
[15/Jun/2023 17:36:25] "POST /api/resource HTTP/1.1" 200 109
[15/Jun/2023 17:36:25] "POST /api/resource HTTP/1.1" 200 118
[15/Jun/2023 17:36:25] "POST /api/resource HTTP/1.1" 200 118
[15/Jun/2023 17:36:25] "POST /api/resource HTTP/1.1" 200 118
[15/Jun/2023 17:36:25] "POST /api/resource HTTP/1.1" 200 109
[15/Jun/2023 17:36:25] "POST /api/resource HTTP/1.1" 200 118
[15/Jun/2023 17:36:25] "POST /api/resource HTTP/1.1" 200 109
[15/Jun/2023 17:36:25] "POST /api/resource HTTP/1.1" 200 109
[15/Jun/2023 17:36:25] "POST /api/resource HTTP/1.1" 200 109
[15/Jun/2023 17:36:25] "POST /api/resource HTTP/1.1" 200 109
[15/Jun/2023 17:36:25] "POST /api/resource HTTP/1.1" 200 109
[15/Jun/2023 17:36:25] "POST /api/resource HTTP/1.1" 200 109
[15/Jun/2023 17:36:25] "POST /api/resource HTTP/1.1" 200 109
[15/Jun/2023 17:36:25] "POST /api/resource HTTP/1.1" 200 109
[15/Jun/2023 17:36:25] "POST /api/resource HTTP/1.1" 200 118
[15/Jun/2023 17:36:25] "POST /api/resource HTTP/1.1" 200 118
[15/Jun/2023 17:36:25] "POST /api/resource HTTP/1.1" 200 118
[15/Jun/2023 17:36:25] "POST /api/resource HTTP/1.1" 200 118
[15/Jun/2023 17:36:25] "POST /api/resource HTTP/1.1" 200 118
[15/Jun/2023 17:36:25] "POST /api/resource HTTP/1.1" 200 109
[15/Jun/2023 17:36:25] "POST /api/resource HTTP/1.1" 200 118
[15/Jun/2023 17:36:25] "POST /api/resource HTTP/1.1" 200 109
[15/Jun/2023 17:36:25] "POST /api/resource HTTP/1.1" 200 109
[15/Jun/2023 17:36:25] "POST /api/resource HTTP/1.1" 200 109
[15/Jun/2023 17:36:25] "POST /api/resource HTTP/1.1" 200 109
[15/Jun/2023 17:36:25] "POST /api/resource HTTP/1.1" 200 109
[15/Jun/2023 17:36:25] "POST /api/resource HTTP/1.1" 200 109
[15/Jun/2023 17:36:25] "POST /api/resource HTTP/1.1" 200 109
[15/Jun/2023 17:36:25] "POST /api/resource HTTP/1.1" 200 109
[15/Jun/2023 17:36:25] "POST /api/resource HTTP/1.1" 200 118
[15/Jun/2023 17:36:25] "POST /api/resource HTTP/1.1" 200 118
[15/Jun/2023 17:36:25] "POST /api/resource HTTP/1.1" 200 118
[15/Jun/2023 17:36:25] "POST /api/resource HTTP/1.1" 200 118
[15/Jun/2023 17:36:25] "POST /api/resource HTTP/1.1" 200 118
[15/Jun/2023 17:36:25] "POST /api/resource HTTP/1.1" 200 109
[15/Jun/2023 17:36:25] "POST /api/resource HTTP/1.1" 200 109
[15/Jun/2023 17:36:25] "POST /api/resource HTTP/1.1" 200 109
[15/Jun/2023 17:36:25] "POST /api/leaderboard/mana HTTP/1.1" 200 1123
[15/Jun/2023 17:36:25] "POST /api/resource HTTP/1.1" 200 109
[15/Jun/2023 17:36:25] "POST /api/resource HTTP/1.1" 200 109
[15/Jun/2023 17:36:26] "POST /api/resource HTTP/1.1" 200 109
[15/Jun/2023 17:36:26] "POST /api/resource HTTP/1.1" 200 109
[15/Jun/2023 17:36:26] "POST /api/resource HTTP/1.1" 200 109
[15/Jun/2023 17:36:26] "POST /api/resource HTTP/1.1" 200 109
[15/Jun/2023 17:36:26] "POST /api/resource HTTP/1.1" 200 118
[15/Jun/2023 17:36:26] "POST /api/resource HTTP/1.1" 200 118
[15/Jun/2023 17:36:26] "POST /api/resource HTTP/1.1" 200 118
[15/Jun/2023 17:36:26] "POST /api/resource HTTP/1.1" 200 118
[15/Jun/2023 17:36:26] "POST /api/resource HTTP/1.1" 200 118
[15/Jun/2023 17:36:26] "POST /api/resource HTTP/1.1" 200 118
[15/Jun/2023 17:36:26] "POST /api/message HTTP/1.1" 200 85
[15/Jun/2023 17:36:26] "POST /api/skill/query_all_skills HTTP/1.1" 200 2721
[15/Jun/2023 17:36:26] "POST /api/skill/query_learned_skills HTTP/1.1" 200 42
[15/Jun/2023 17:36:26] "POST /api/resource HTTP/1.1" 200 118
[15/Jun/2023 17:36:26] "POST /api/resource HTTP/1.1" 200 118
[15/Jun/2023 17:36:26] "POST /api/resource HTTP/1.1" 200 118
[15/Jun/2023 17:36:26] "POST /api/resource HTTP/1.1" 200 118
[15/Jun/2023 17:36:26] "POST /api/resource HTTP/1.1" 200 118
[15/Jun/2023 17:36:26] "POST /api/resource HTTP/1.1" 200 118
[15/Jun/2023 17:36:26] "POST /api/leaderboard/mana HTTP/1.1" 200 1123
[15/Jun/2023 17:36:26] "POST /api/resource HTTP/1.1" 200 109
[15/Jun/2023 17:36:26] "POST /api/resource HTTP/1.1" 200 118
[15/Jun/2023 17:36:26] "POST /api/resource HTTP/1.1" 200 118
[15/Jun/2023 17:36:26] "POST /api/resource HTTP/1.1" 200 118
[15/Jun/2023 17:36:26] "POST /api/resource HTTP/1.1" 200 118
[15/Jun/2023 17:36:26] "POST /api/resource HTTP/1.1" 200 118
[15/Jun/2023 17:36:26] "POST /api/resource HTTP/1.1" 200 118
[15/Jun/2023 17:36:26] "POST /api/resource HTTP/1.1" 200 109
[15/Jun/2023 17:36:26] "POST /api/resource HTTP/1.1" 200 118
[15/Jun/2023 17:36:26] "POST /api/resource HTTP/1.1" 200 118
[15/Jun/2023 17:36:26] "POST /api/resource HTTP/1.1" 200 118
[15/Jun/2023 17:36:26] "POST /api/resource HTTP/1.1" 200 118
[15/Jun/2023 17:36:26] "POST /api/resource HTTP/1.1" 200 118
[15/Jun/2023 17:36:26] "POST /api/resource HTTP/1.1" 200 118
[15/Jun/2023 17:36:26] "POST /api/resource HTTP/1.1" 200 109
[15/Jun/2023 17:36:26] "POST /api/resource HTTP/1.1" 200 118
[15/Jun/2023 17:36:26] "POST /api/resource HTTP/1.1" 200 118
[15/Jun/2023 17:36:26] "POST /api/resource HTTP/1.1" 200 118
[15/Jun/2023 17:36:26] "POST /api/resource HTTP/1.1" 200 118
[15/Jun/2023 17:36:26] "POST /api/resource HTTP/1.1" 200 118
[15/Jun/2023 17:36:26] "POST /api/resource HTTP/1.1" 200 118
[15/Jun/2023 17:36:26] "POST /api/resource HTTP/1.1" 200 109
[15/Jun/2023 17:36:27] "POST /api/resource HTTP/1.1" 200 118
[15/Jun/2023 17:36:27] "POST /api/resource HTTP/1.1" 200 109
[15/Jun/2023 17:36:27] "POST /api/resource HTTP/1.1" 200 118
[15/Jun/2023 17:36:27] "POST /api/resource HTTP/1.1" 200 109
[15/Jun/2023 17:36:27] "POST /api/resource HTTP/1.1" 200 118
[15/Jun/2023 17:36:27] "POST /api/resource HTTP/1.1" 200 109
[15/Jun/2023 17:36:27] "POST /api/resource HTTP/1.1" 200 118
[15/Jun/2023 17:36:27] "POST /api/resource HTTP/1.1" 200 109
[15/Jun/2023 17:36:27] "POST /api/resource HTTP/1.1" 200 118
[15/Jun/2023 17:36:27] "POST /api/resource HTTP/1.1" 200 109
[15/Jun/2023 17:36:28] "POST /api/resource HTTP/1.1" 200 118
[15/Jun/2023 17:36:28] "POST /api/resource HTTP/1.1" 200 109
[15/Jun/2023 17:36:28] "POST /api/resource HTTP/1.1" 200 118
[15/Jun/2023 17:36:28] "POST /api/resource HTTP/1.1" 200 109
[15/Jun/2023 17:36:28] "POST /api/resource HTTP/1.1" 200 118
[15/Jun/2023 17:36:28] "POST /api/resource HTTP/1.1" 200 109
[15/Jun/2023 17:36:28] "POST /api/resource HTTP/1.1" 200 118
[15/Jun/2023 17:36:28] "POST /api/resource HTTP/1.1" 200 109
[15/Jun/2023 17:36:28] "POST /api/resource HTTP/1.1" 200 118
[15/Jun/2023 17:36:28] "POST /api/resource HTTP/1.1" 200 109
[15/Jun/2023 17:36:29] "POST /api/resource HTTP/1.1" 200 118
[15/Jun/2023 17:36:29] "POST /api/resource HTTP/1.1" 200 115
[15/Jun/2023 17:36:29] "POST /api/resource HTTP/1.1" 200 109
[15/Jun/2023 17:36:29] "POST /api/resource HTTP/1.1" 200 115
[15/Jun/2023 17:36:29] "POST /api/resource HTTP/1.1" 200 118
[15/Jun/2023 17:36:29] "POST /api/resource HTTP/1.1" 200 109
[15/Jun/2023 17:36:29] "POST /api/resource HTTP/1.1" 200 118
[15/Jun/2023 17:36:29] "POST /api/resource HTTP/1.1" 200 115
[15/Jun/2023 17:36:29] "POST /api/resource HTTP/1.1" 200 109
[15/Jun/2023 17:36:29] "POST /api/resource HTTP/1.1" 200 115
[15/Jun/2023 17:36:29] "POST /api/resource HTTP/1.1" 200 118
[15/Jun/2023 17:36:29] "POST /api/resource HTTP/1.1" 200 109
[15/Jun/2023 17:36:29] "POST /api/resource HTTP/1.1" 200 115
[15/Jun/2023 17:36:29] "POST /api/resource HTTP/1.1" 200 118
[15/Jun/2023 17:36:29] "POST /api/resource HTTP/1.1" 200 109
[15/Jun/2023 17:36:30] "POST /api/resource HTTP/1.1" 200 118
[15/Jun/2023 17:36:30] "POST /api/resource HTTP/1.1" 200 109
[15/Jun/2023 17:36:30] "POST /api/resource HTTP/1.1" 200 118
[15/Jun/2023 17:36:30] "POST /api/resource HTTP/1.1" 200 109
[15/Jun/2023 17:36:30] "POST /api/resource HTTP/1.1" 200 118
[15/Jun/2023 17:36:30] "POST /api/resource HTTP/1.1" 200 109
[15/Jun/2023 17:36:30] "POST /api/resource HTTP/1.1" 200 118
[15/Jun/2023 17:36:30] "POST /api/resource HTTP/1.1" 200 109
[15/Jun/2023 17:36:30] "POST /api/resource HTTP/1.1" 200 118
[15/Jun/2023 17:36:30] "POST /api/resource HTTP/1.1" 200 109
[15/Jun/2023 17:36:31] "POST /api/resource HTTP/1.1" 200 118
[15/Jun/2023 17:36:31] "POST /api/resource HTTP/1.1" 200 109
[15/Jun/2023 17:36:31] "POST /api/resource HTTP/1.1" 200 118
[15/Jun/2023 17:36:31] "POST /api/resource HTTP/1.1" 200 109
[15/Jun/2023 17:36:31] "POST /api/resource HTTP/1.1" 200 118
[15/Jun/2023 17:36:31] "POST /api/message HTTP/1.1" 200 85
[15/Jun/2023 17:36:31] "POST /api/skill/query_learned_skills HTTP/1.1" 200 43
[15/Jun/2023 17:36:31] "POST /api/skill/query_all_skills HTTP/1.1" 200 2721
[15/Jun/2023 17:36:31] "POST /api/resource HTTP/1.1" 200 109
[15/Jun/2023 17:36:31] "POST /api/leaderboard/mana HTTP/1.1" 200 1123
[15/Jun/2023 17:36:31] "POST /api/resource HTTP/1.1" 200 118
[15/Jun/2023 17:36:31] "POST /api/resource HTTP/1.1" 200 115
[15/Jun/2023 17:36:31] "POST /api/resource HTTP/1.1" 200 109
[15/Jun/2023 17:36:31] "POST /api/resource HTTP/1.1" 200 118
[15/Jun/2023 17:36:31] "POST /api/resource HTTP/1.1" 200 109
[15/Jun/2023 17:36:32] "POST /api/resource HTTP/1.1" 200 118
[15/Jun/2023 17:36:32] "GET /admin/main/player/5/change/ HTTP/1.1" 200 21990
[15/Jun/2023 17:36:32] "GET /static/admin/css/nav_sidebar.css HTTP/1.1" 200 2271
[15/Jun/2023 17:36:32] "GET /static/admin/css/forms.css HTTP/1.1" 200 8804
[15/Jun/2023 17:36:32] "GET /static/admin/css/responsive.css HTTP/1.1" 200 18545
[15/Jun/2023 17:36:32] "GET /static/admin/css/base.css HTTP/1.1" 200 19513
[15/Jun/2023 17:36:32] "GET /admin/jsi18n/ HTTP/1.1" 200 3195
[15/Jun/2023 17:36:32] "GET /static/admin/js/jquery.init.js HTTP/1.1" 200 347
[15/Jun/2023 17:36:32] "GET /static/admin/css/widgets.css HTTP/1.1" 200 11097
[15/Jun/2023 17:36:32] "GET /static/admin/js/core.js HTTP/1.1" 200 5698
[15/Jun/2023 17:36:32] "GET /static/admin/css/fonts.css HTTP/1.1" 200 423
[15/Jun/2023 17:36:32] "GET /static/admin/js/admin/RelatedObjectLookups.js HTTP/1.1" 200 5984
[15/Jun/2023 17:36:32] "POST /api/resource HTTP/1.1" 200 109
[15/Jun/2023 17:36:32] "GET /static/admin/js/prepopulate.js HTTP/1.1" 200 1531
[15/Jun/2023 17:36:32] "GET /static/admin/js/vendor/jquery/jquery.js HTTP/1.1" 200 287630
[15/Jun/2023 17:36:32] "GET /static/admin/js/urlify.js HTTP/1.1" 200 7902
[15/Jun/2023 17:36:32] "GET /static/admin/js/actions.js HTTP/1.1" 200 7867
[15/Jun/2023 17:36:32] "POST /api/resource HTTP/1.1" 200 118
[15/Jun/2023 17:36:32] "GET /static/admin/js/vendor/xregexp/xregexp.js HTTP/1.1" 200 232381
[15/Jun/2023 17:36:32] "POST /api/resource HTTP/1.1" 200 109
[15/Jun/2023 17:36:32] "POST /api/resource HTTP/1.1" 200 118
[15/Jun/2023 17:36:32] "POST /api/resource HTTP/1.1" 200 109
[15/Jun/2023 17:36:32] "POST /api/resource HTTP/1.1" 200 118
[15/Jun/2023 17:36:32] "GET /static/admin/js/prepopulate_init.js HTTP/1.1" 200 492
[15/Jun/2023 17:36:32] "POST /api/resource HTTP/1.1" 200 109
[15/Jun/2023 17:36:32] "GET /static/admin/js/nav_sidebar.js HTTP/1.1" 200 1360
[15/Jun/2023 17:36:32] "POST /api/resource HTTP/1.1" 200 115
[15/Jun/2023 17:36:32] "GET /static/admin/img/icon-addlink.svg HTTP/1.1" 200 331
[15/Jun/2023 17:36:32] "POST /api/resource HTTP/1.1" 200 118
[15/Jun/2023 17:36:32] "GET /static/admin/js/change_form.js HTTP/1.1" 200 606
[15/Jun/2023 17:36:32] "POST /api/resource HTTP/1.1" 200 109
[15/Jun/2023 17:36:33] "POST /api/resource HTTP/1.1" 200 118
[15/Jun/2023 17:36:33] "GET /static/admin/fonts/Roboto-Bold-webfont.woff HTTP/1.1" 200 86184
[15/Jun/2023 17:36:33] "GET /static/admin/fonts/Roboto-Light-webfont.woff HTTP/1.1" 200 85692
[15/Jun/2023 17:36:33] "GET /static/admin/fonts/Roboto-Regular-webfont.woff HTTP/1.1" 200 85876
[15/Jun/2023 17:36:33] "POST /api/resource HTTP/1.1" 200 109
[15/Jun/2023 17:36:33] "POST /api/resource HTTP/1.1" 200 118
[15/Jun/2023 17:36:33] "POST /api/resource HTTP/1.1" 200 109
[15/Jun/2023 17:36:33] "POST /api/resource HTTP/1.1" 200 118
[15/Jun/2023 17:36:33] "POST /api/resource HTTP/1.1" 200 109
[15/Jun/2023 17:36:33] "POST /api/resource HTTP/1.1" 200 118
[15/Jun/2023 17:36:33] "POST /api/resource HTTP/1.1" 200 115
[15/Jun/2023 17:36:33] "POST /api/resource HTTP/1.1" 200 109
[15/Jun/2023 17:36:33] "POST /api/resource HTTP/1.1" 200 118
[15/Jun/2023 17:36:33] "POST /api/resource HTTP/1.1" 200 109
[15/Jun/2023 17:36:34] "POST /api/resource HTTP/1.1" 200 118
[15/Jun/2023 17:36:34] "POST /api/resource HTTP/1.1" 200 115
[15/Jun/2023 17:36:34] "POST /api/resource HTTP/1.1" 200 109
[15/Jun/2023 17:36:34] "POST /api/resource HTTP/1.1" 200 118
[15/Jun/2023 17:36:34] "POST /api/resource HTTP/1.1" 200 115
[15/Jun/2023 17:36:34] "POST /api/resource HTTP/1.1" 200 109
[15/Jun/2023 17:36:34] "POST /api/resource HTTP/1.1" 200 118
[15/Jun/2023 17:36:34] "POST /api/resource HTTP/1.1" 200 115
[15/Jun/2023 17:36:34] "POST /api/resource HTTP/1.1" 200 109
[15/Jun/2023 17:36:34] "POST /api/resource HTTP/1.1" 200 118
[15/Jun/2023 17:36:34] "POST /api/resource HTTP/1.1" 200 115
[15/Jun/2023 17:36:34] "POST /api/resource HTTP/1.1" 200 109
[15/Jun/2023 17:36:34] "POST /api/resource HTTP/1.1" 200 118
[15/Jun/2023 17:36:34] "POST /api/resource HTTP/1.1" 200 115
[15/Jun/2023 17:36:34] "POST /api/resource HTTP/1.1" 200 109
[15/Jun/2023 17:36:35] "POST /api/resource HTTP/1.1" 200 118
[15/Jun/2023 17:36:35] "POST /api/resource HTTP/1.1" 200 115
[15/Jun/2023 17:36:35] "POST /api/resource HTTP/1.1" 200 109
[15/Jun/2023 17:36:35] "POST /api/resource HTTP/1.1" 200 118
[15/Jun/2023 17:36:35] "POST /api/resource HTTP/1.1" 200 115
[15/Jun/2023 17:36:35] "POST /api/resource HTTP/1.1" 200 109
[15/Jun/2023 17:36:35] "POST /api/resource HTTP/1.1" 200 118
[15/Jun/2023 17:36:35] "POST /api/resource HTTP/1.1" 200 115
[15/Jun/2023 17:36:35] "POST /api/resource HTTP/1.1" 200 109
[15/Jun/2023 17:36:35] "POST /api/message HTTP/1.1" 200 85
[15/Jun/2023 17:36:35] "POST /api/skill/query_learned_skills HTTP/1.1" 200 43
[15/Jun/2023 17:36:35] "POST /api/skill/query_all_skills HTTP/1.1" 200 2721
[15/Jun/2023 17:36:35] "POST /api/resource HTTP/1.1" 200 118
[15/Jun/2023 17:36:35] "POST /api/leaderboard/mana HTTP/1.1" 200 1123
[15/Jun/2023 17:36:35] "POST /api/resource HTTP/1.1" 200 109
[15/Jun/2023 17:36:35] "POST /api/resource HTTP/1.1" 200 115
[15/Jun/2023 17:36:35] "POST /api/resource HTTP/1.1" 200 118
[15/Jun/2023 17:36:35] "POST /api/resource HTTP/1.1" 200 109
[15/Jun/2023 17:36:36] "POST /api/resource HTTP/1.1" 200 115
[15/Jun/2023 17:36:36] "POST /api/resource HTTP/1.1" 200 118
[15/Jun/2023 17:36:36] "POST /api/resource HTTP/1.1" 200 109
[15/Jun/2023 17:36:36] "POST /api/resource HTTP/1.1" 200 115
[15/Jun/2023 17:36:36] "POST /api/resource HTTP/1.1" 200 118
[15/Jun/2023 17:36:36] "POST /api/resource HTTP/1.1" 200 109
[15/Jun/2023 17:36:36] "POST /api/resource HTTP/1.1" 200 115
[15/Jun/2023 17:36:36] "POST /api/resource HTTP/1.1" 200 118
[15/Jun/2023 17:36:36] "POST /api/resource HTTP/1.1" 200 109
[15/Jun/2023 17:36:36] "POST /api/resource HTTP/1.1" 200 115
[15/Jun/2023 17:36:36] "POST /api/resource HTTP/1.1" 200 118
[15/Jun/2023 17:36:36] "POST /api/resource HTTP/1.1" 200 109
[15/Jun/2023 17:36:36] "POST /api/resource HTTP/1.1" 200 115
[15/Jun/2023 17:36:36] "POST /api/resource HTTP/1.1" 200 118
[15/Jun/2023 17:36:36] "POST /api/resource HTTP/1.1" 200 109
[15/Jun/2023 17:36:37] "POST /api/resource HTTP/1.1" 200 115
[15/Jun/2023 17:36:37] "POST /api/resource HTTP/1.1" 200 118
[15/Jun/2023 17:36:37] "POST /api/resource HTTP/1.1" 200 109
[15/Jun/2023 17:36:37] "POST /api/resource HTTP/1.1" 200 115
[15/Jun/2023 17:36:37] "POST /api/resource HTTP/1.1" 200 118
[15/Jun/2023 17:36:37] "POST /api/resource HTTP/1.1" 200 109
[15/Jun/2023 17:36:37] "POST /api/resource HTTP/1.1" 200 115
[15/Jun/2023 17:36:37] "POST /api/resource HTTP/1.1" 200 118
[15/Jun/2023 17:36:37] "POST /api/resource HTTP/1.1" 200 109
[15/Jun/2023 17:36:37] "POST /api/resource HTTP/1.1" 200 115
[15/Jun/2023 17:36:37] "POST /api/resource HTTP/1.1" 200 118
[15/Jun/2023 17:36:37] "POST /api/resource HTTP/1.1" 200 109
[15/Jun/2023 17:36:37] "POST /api/resource HTTP/1.1" 200 115
[15/Jun/2023 17:36:37] "POST /api/resource HTTP/1.1" 200 118
[15/Jun/2023 17:36:37] "POST /api/resource HTTP/1.1" 200 109
[15/Jun/2023 17:36:38] "POST /api/resource HTTP/1.1" 200 115
[15/Jun/2023 17:36:38] "POST /api/resource HTTP/1.1" 200 118
[15/Jun/2023 17:36:38] "POST /api/resource HTTP/1.1" 200 109
[15/Jun/2023 17:36:38] "POST /api/resource HTTP/1.1" 200 115
[15/Jun/2023 17:36:38] "POST /api/resource HTTP/1.1" 200 118
[15/Jun/2023 17:36:38] "POST /api/resource HTTP/1.1" 200 109
[15/Jun/2023 17:36:38] "POST /api/resource HTTP/1.1" 200 115
[15/Jun/2023 17:36:38] "POST /api/resource HTTP/1.1" 200 118
[15/Jun/2023 17:36:38] "POST /api/resource HTTP/1.1" 200 109
[15/Jun/2023 17:36:38] "POST /api/resource HTTP/1.1" 200 115
[15/Jun/2023 17:36:38] "POST /api/resource HTTP/1.1" 200 118
[15/Jun/2023 17:36:38] "POST /api/resource HTTP/1.1" 200 109
[15/Jun/2023 17:36:38] "POST /api/resource HTTP/1.1" 200 115
[15/Jun/2023 17:36:38] "POST /api/resource HTTP/1.1" 200 118
[15/Jun/2023 17:36:38] "POST /api/resource HTTP/1.1" 200 109
[15/Jun/2023 17:36:39] "POST /api/resource HTTP/1.1" 200 115
[15/Jun/2023 17:36:39] "POST /api/resource HTTP/1.1" 200 118
[15/Jun/2023 17:36:39] "POST /api/resource HTTP/1.1" 200 109
[15/Jun/2023 17:36:39] "POST /api/resource HTTP/1.1" 200 115
[15/Jun/2023 17:36:39] "POST /api/resource HTTP/1.1" 200 118
[15/Jun/2023 17:36:39] "POST /api/resource HTTP/1.1" 200 109
[15/Jun/2023 17:36:39] "POST /api/resource HTTP/1.1" 200 115
[15/Jun/2023 17:36:39] "POST /api/resource HTTP/1.1" 200 118
[15/Jun/2023 17:36:39] "POST /api/resource HTTP/1.1" 200 109
[15/Jun/2023 17:36:39] "POST /api/resource HTTP/1.1" 200 115
[15/Jun/2023 17:36:39] "POST /api/resource HTTP/1.1" 200 118
[15/Jun/2023 17:36:39] "POST /api/resource HTTP/1.1" 200 109
[15/Jun/2023 17:36:39] "POST /api/resource HTTP/1.1" 200 115
[15/Jun/2023 17:36:39] "POST /api/resource HTTP/1.1" 200 118
[15/Jun/2023 17:36:39] "POST /api/resource HTTP/1.1" 200 109
[15/Jun/2023 17:36:40] "POST /api/resource HTTP/1.1" 200 115
[15/Jun/2023 17:36:40] "POST /api/resource HTTP/1.1" 200 118
[15/Jun/2023 17:36:40] "POST /api/resource HTTP/1.1" 200 109
[15/Jun/2023 17:36:40] "POST /api/resource HTTP/1.1" 200 115
[15/Jun/2023 17:36:40] "POST /api/resource HTTP/1.1" 200 118
[15/Jun/2023 17:36:40] "POST /api/resource HTTP/1.1" 200 115
[15/Jun/2023 17:36:40] "POST /api/resource HTTP/1.1" 200 109
[15/Jun/2023 17:36:40] "POST /api/resource HTTP/1.1" 200 118
[15/Jun/2023 17:36:40] "POST /api/resource HTTP/1.1" 200 109
[15/Jun/2023 17:36:40] "POST /api/resource HTTP/1.1" 200 115
[15/Jun/2023 17:36:40] "POST /api/resource HTTP/1.1" 200 118
[15/Jun/2023 17:36:40] "POST /api/resource HTTP/1.1" 200 109
[15/Jun/2023 17:36:40] "POST /api/resource HTTP/1.1" 200 115
[15/Jun/2023 17:36:40] "POST /api/resource HTTP/1.1" 200 118
[15/Jun/2023 17:36:40] "POST /api/resource HTTP/1.1" 200 109
[15/Jun/2023 17:36:41] "POST /api/resource HTTP/1.1" 200 115
[15/Jun/2023 17:36:41] "POST /api/resource HTTP/1.1" 200 118
[15/Jun/2023 17:36:41] "POST /api/resource HTTP/1.1" 200 109
[15/Jun/2023 17:36:41] "POST /api/resource HTTP/1.1" 200 115
[15/Jun/2023 17:36:41] "POST /api/resource HTTP/1.1" 200 118
[15/Jun/2023 17:36:41] "POST /api/resource HTTP/1.1" 200 109
[15/Jun/2023 17:36:41] "POST /api/resource HTTP/1.1" 200 115
[15/Jun/2023 17:36:41] "POST /api/resource HTTP/1.1" 200 118
[15/Jun/2023 17:36:41] "POST /api/resource HTTP/1.1" 200 109
[15/Jun/2023 17:36:41] "POST /api/resource HTTP/1.1" 200 115
[15/Jun/2023 17:36:41] "POST /api/resource HTTP/1.1" 200 118
[15/Jun/2023 17:36:41] "POST /api/resource HTTP/1.1" 200 109
[15/Jun/2023 17:36:41] "POST /api/resource HTTP/1.1" 200 115
[15/Jun/2023 17:36:41] "POST /api/resource HTTP/1.1" 200 118
[15/Jun/2023 17:36:41] "POST /api/resource HTTP/1.1" 200 109
[15/Jun/2023 17:36:42] "POST /api/resource HTTP/1.1" 200 115
[15/Jun/2023 17:36:42] "POST /api/resource HTTP/1.1" 200 118
[15/Jun/2023 17:36:42] "POST /api/resource HTTP/1.1" 200 109
[15/Jun/2023 17:36:42] "POST /api/resource HTTP/1.1" 200 115
[15/Jun/2023 17:36:42] "POST /api/resource HTTP/1.1" 200 109
[15/Jun/2023 17:36:42] "POST /api/resource HTTP/1.1" 200 115
[15/Jun/2023 17:36:42] "POST /api/resource HTTP/1.1" 200 109
[15/Jun/2023 17:36:42] "POST /api/resource HTTP/1.1" 200 115
[15/Jun/2023 17:36:42] "POST /api/resource HTTP/1.1" 200 109
[15/Jun/2023 17:36:42] "POST /api/resource HTTP/1.1" 200 115
[15/Jun/2023 17:36:42] "POST /api/resource HTTP/1.1" 200 109
[15/Jun/2023 17:36:43] "POST /api/resource HTTP/1.1" 200 115
[15/Jun/2023 17:36:43] "POST /api/resource HTTP/1.1" 200 109
[15/Jun/2023 17:36:43] "POST /api/resource HTTP/1.1" 200 115
[15/Jun/2023 17:36:43] "POST /api/resource HTTP/1.1" 200 109
[15/Jun/2023 17:36:43] "POST /api/resource HTTP/1.1" 200 115
[15/Jun/2023 17:36:43] "POST /api/resource HTTP/1.1" 200 109
[15/Jun/2023 17:36:43] "POST /api/resource HTTP/1.1" 200 115
[15/Jun/2023 17:36:43] "POST /api/resource HTTP/1.1" 200 109
[15/Jun/2023 17:36:43] "POST /api/resource HTTP/1.1" 200 115
[15/Jun/2023 17:36:43] "POST /api/resource HTTP/1.1" 200 109
[15/Jun/2023 17:36:44] "POST /api/resource HTTP/1.1" 200 115
[15/Jun/2023 17:36:44] "POST /api/resource HTTP/1.1" 200 109
[15/Jun/2023 17:36:44] "POST /api/resource HTTP/1.1" 200 115
[15/Jun/2023 17:36:44] "POST /api/resource HTTP/1.1" 200 109
[15/Jun/2023 17:36:44] "POST /api/resource HTTP/1.1" 200 115
[15/Jun/2023 17:36:44] "POST /api/resource HTTP/1.1" 200 109
[15/Jun/2023 17:36:44] "POST /api/resource HTTP/1.1" 200 115
[15/Jun/2023 17:36:44] "POST /api/resource HTTP/1.1" 200 109
[15/Jun/2023 17:36:44] "POST /api/resource HTTP/1.1" 200 115
[15/Jun/2023 17:36:44] "POST /api/resource HTTP/1.1" 200 109
[15/Jun/2023 17:36:45] "POST /api/resource HTTP/1.1" 200 115
[15/Jun/2023 17:36:45] "POST /api/resource HTTP/1.1" 200 109
[15/Jun/2023 17:36:45] "POST /api/resource HTTP/1.1" 200 115
[15/Jun/2023 17:36:45] "POST /api/resource HTTP/1.1" 200 109
[15/Jun/2023 17:36:45] "POST /api/resource HTTP/1.1" 200 115
[15/Jun/2023 17:36:45] "POST /api/resource HTTP/1.1" 200 109
[15/Jun/2023 17:36:45] "POST /api/resource HTTP/1.1" 200 115
[15/Jun/2023 17:36:45] "POST /api/resource HTTP/1.1" 200 109
[15/Jun/2023 17:36:45] "POST /api/resource HTTP/1.1" 200 115
[15/Jun/2023 17:36:45] "POST /api/resource HTTP/1.1" 200 109
[15/Jun/2023 17:36:46] "POST /api/resource HTTP/1.1" 200 115
[15/Jun/2023 17:36:46] "POST /api/resource HTTP/1.1" 200 109
[15/Jun/2023 17:36:46] "POST /api/resource HTTP/1.1" 200 115
[15/Jun/2023 17:36:46] "POST /api/resource HTTP/1.1" 200 109
[15/Jun/2023 17:36:46] "POST /api/resource HTTP/1.1" 200 115
[15/Jun/2023 17:36:46] "POST /api/resource HTTP/1.1" 200 109
[15/Jun/2023 17:36:46] "POST /api/resource HTTP/1.1" 200 115
[15/Jun/2023 17:36:46] "POST /api/resource HTTP/1.1" 200 109
[15/Jun/2023 17:36:46] "POST /api/resource HTTP/1.1" 200 115
[15/Jun/2023 17:36:46] "POST /api/resource HTTP/1.1" 200 109
[15/Jun/2023 17:36:47] "POST /api/resource HTTP/1.1" 200 115
[15/Jun/2023 17:36:47] "POST /api/resource HTTP/1.1" 200 109
[15/Jun/2023 17:36:47] "POST /api/resource HTTP/1.1" 200 115
[15/Jun/2023 17:36:47] "POST /api/resource HTTP/1.1" 200 109
[15/Jun/2023 17:36:47] "POST /api/resource HTTP/1.1" 200 115
[15/Jun/2023 17:36:47] "POST /api/resource HTTP/1.1" 200 109
[15/Jun/2023 17:36:47] "POST /api/resource HTTP/1.1" 200 115
[15/Jun/2023 17:36:47] "POST /api/resource HTTP/1.1" 200 109
[15/Jun/2023 17:36:47] "POST /api/message HTTP/1.1" 200 85
[15/Jun/2023 17:36:47] "POST /api/resource HTTP/1.1" 200 115
[15/Jun/2023 17:36:47] "POST /api/skill/query_all_skills HTTP/1.1" 200 2721
[15/Jun/2023 17:36:47] "POST /api/skill/query_learned_skills HTTP/1.1" 200 58
[15/Jun/2023 17:36:47] "POST /api/leaderboard/mana HTTP/1.1" 200 1120
[15/Jun/2023 17:36:47] "POST /api/resource HTTP/1.1" 200 109
[15/Jun/2023 17:36:48] "POST /api/resource HTTP/1.1" 200 115
[15/Jun/2023 17:36:48] "POST /api/resource HTTP/1.1" 200 118
[15/Jun/2023 17:36:48] "POST /api/resource HTTP/1.1" 200 109
[15/Jun/2023 17:36:48] "POST /api/resource HTTP/1.1" 200 115
[15/Jun/2023 17:36:48] "POST /api/resource HTTP/1.1" 200 118
[15/Jun/2023 17:36:48] "POST /api/resource HTTP/1.1" 200 118
[15/Jun/2023 17:36:48] "POST /api/resource HTTP/1.1" 200 115
[15/Jun/2023 17:36:48] "POST /api/resource HTTP/1.1" 200 109
[15/Jun/2023 17:36:48] "POST /api/resource HTTP/1.1" 200 118
[15/Jun/2023 17:36:48] "POST /api/resource HTTP/1.1" 200 115
[15/Jun/2023 17:36:48] "POST /api/resource HTTP/1.1" 200 109
[15/Jun/2023 17:36:48] "POST /api/resource HTTP/1.1" 200 118
[15/Jun/2023 17:36:48] "POST /api/resource HTTP/1.1" 200 109
[15/Jun/2023 17:36:48] "POST /api/resource HTTP/1.1" 200 115
[15/Jun/2023 17:36:48] "POST /api/resource HTTP/1.1" 200 118
[15/Jun/2023 17:36:48] "POST /api/resource HTTP/1.1" 200 109
[15/Jun/2023 17:36:49] "POST /api/resource HTTP/1.1" 200 115
[15/Jun/2023 17:36:49] "POST /api/resource HTTP/1.1" 200 118
[15/Jun/2023 17:36:49] "POST /api/resource HTTP/1.1" 200 109
[15/Jun/2023 17:36:49] "POST /api/resource HTTP/1.1" 200 115
[15/Jun/2023 17:36:49] "POST /api/resource HTTP/1.1" 200 118
[15/Jun/2023 17:36:49] "POST /api/resource HTTP/1.1" 200 109
[15/Jun/2023 17:36:49] "POST /api/resource HTTP/1.1" 200 115
[15/Jun/2023 17:36:49] "POST /api/resource HTTP/1.1" 200 118
[15/Jun/2023 17:36:49] "POST /api/resource HTTP/1.1" 200 109
[15/Jun/2023 17:36:49] "POST /api/resource HTTP/1.1" 200 115
[15/Jun/2023 17:36:49] "POST /api/resource HTTP/1.1" 200 118
[15/Jun/2023 17:36:49] "POST /api/resource HTTP/1.1" 200 109
[15/Jun/2023 17:36:49] "POST /api/resource HTTP/1.1" 200 115
[15/Jun/2023 17:36:49] "POST /api/resource HTTP/1.1" 200 118
[15/Jun/2023 17:36:49] "POST /api/resource HTTP/1.1" 200 109
[15/Jun/2023 17:36:50] "POST /api/resource HTTP/1.1" 200 115
[15/Jun/2023 17:36:50] "POST /api/resource HTTP/1.1" 200 118
[15/Jun/2023 17:36:50] "POST /api/resource HTTP/1.1" 200 109
[15/Jun/2023 17:36:50] "POST /api/resource HTTP/1.1" 200 115
[15/Jun/2023 17:36:50] "POST /api/resource HTTP/1.1" 200 118
[15/Jun/2023 17:36:50] "POST /api/resource HTTP/1.1" 200 109
[15/Jun/2023 17:36:50] "POST /api/resource HTTP/1.1" 200 115
[15/Jun/2023 17:36:50] "POST /api/resource HTTP/1.1" 200 118
[15/Jun/2023 17:36:50] "POST /api/resource HTTP/1.1" 200 109
[15/Jun/2023 17:36:50] "POST /api/resource HTTP/1.1" 200 115
[15/Jun/2023 17:36:50] "POST /api/resource HTTP/1.1" 200 118
[15/Jun/2023 17:36:50] "POST /api/resource HTTP/1.1" 200 109
[15/Jun/2023 17:36:50] "POST /api/resource HTTP/1.1" 200 115
[15/Jun/2023 17:36:50] "POST /api/resource HTTP/1.1" 200 109
[15/Jun/2023 17:36:51] "POST /api/resource HTTP/1.1" 200 115
[15/Jun/2023 17:36:51] "POST /api/resource HTTP/1.1" 200 118
[15/Jun/2023 17:36:51] "POST /api/resource HTTP/1.1" 200 109
[15/Jun/2023 17:36:51] "POST /api/resource HTTP/1.1" 200 115
[15/Jun/2023 17:36:51] "POST /api/resource HTTP/1.1" 200 118
[15/Jun/2023 17:36:51] "POST /api/resource HTTP/1.1" 200 118
[15/Jun/2023 17:36:51] "POST /api/resource HTTP/1.1" 200 109
[15/Jun/2023 17:36:51] "POST /api/resource HTTP/1.1" 200 115
[15/Jun/2023 17:36:51] "POST /api/resource HTTP/1.1" 200 118
[15/Jun/2023 17:36:51] "POST /api/resource HTTP/1.1" 200 109
[15/Jun/2023 17:36:51] "POST /api/resource HTTP/1.1" 200 115
[15/Jun/2023 17:36:51] "POST /api/resource HTTP/1.1" 200 109
[15/Jun/2023 17:36:51] "POST /api/resource HTTP/1.1" 200 115
[15/Jun/2023 17:36:51] "POST /api/resource HTTP/1.1" 200 118
[15/Jun/2023 17:36:51] "POST /api/resource HTTP/1.1" 200 109
[15/Jun/2023 17:36:52] "POST /api/resource HTTP/1.1" 200 118
[15/Jun/2023 17:36:52] "POST /api/resource HTTP/1.1" 200 115
[15/Jun/2023 17:36:52] "POST /api/resource HTTP/1.1" 200 109
[15/Jun/2023 17:36:52] "POST /api/resource HTTP/1.1" 200 115
[15/Jun/2023 17:36:52] "POST /api/resource HTTP/1.1" 200 118
[15/Jun/2023 17:36:52] "POST /api/resource HTTP/1.1" 200 118
[15/Jun/2023 17:36:52] "POST /api/resource HTTP/1.1" 200 109
[15/Jun/2023 17:36:52] "POST /api/resource HTTP/1.1" 200 115
[15/Jun/2023 17:36:52] "POST /api/resource HTTP/1.1" 200 109
[15/Jun/2023 17:36:52] "POST /api/resource HTTP/1.1" 200 115
[15/Jun/2023 17:36:52] "POST /api/resource HTTP/1.1" 200 118
[15/Jun/2023 17:36:52] "POST /api/resource HTTP/1.1" 200 109
[15/Jun/2023 17:36:52] "POST /api/resource HTTP/1.1" 200 115
[15/Jun/2023 17:36:52] "POST /api/resource HTTP/1.1" 200 118
[15/Jun/2023 17:36:52] "POST /api/resource HTTP/1.1" 200 109
[15/Jun/2023 17:36:53] "POST /api/resource HTTP/1.1" 200 115
[15/Jun/2023 17:36:53] "POST /api/resource HTTP/1.1" 200 118
[15/Jun/2023 17:36:53] "POST /api/resource HTTP/1.1" 200 109
[15/Jun/2023 17:36:53] "POST /api/resource HTTP/1.1" 200 115
[15/Jun/2023 17:36:53] "POST /api/resource HTTP/1.1" 200 118
[15/Jun/2023 17:36:53] "POST /api/resource HTTP/1.1" 200 118
[15/Jun/2023 17:36:53] "POST /api/resource HTTP/1.1" 200 109
[15/Jun/2023 17:36:53] "POST /api/resource HTTP/1.1" 200 115
[15/Jun/2023 17:36:53] "POST /api/resource HTTP/1.1" 200 118
[15/Jun/2023 17:36:53] "POST /api/resource HTTP/1.1" 200 109
[15/Jun/2023 17:36:53] "POST /api/resource HTTP/1.1" 200 115
